[16:18:26.524] Global cache location '/home/dawes/.cache/typescript/4.2', safe file path '/usr/lib/node_modules/typescript/lib/typingSafeList.json', types map path /usr/lib/node_modules/typescript/lib/typesMap.json
[16:18:26.526] Processing cache location '/home/dawes/.cache/typescript/4.2'
[16:18:26.526] Trying to find '/home/dawes/.cache/typescript/4.2/package.json'...
[16:18:26.528] Loaded content of '/home/dawes/.cache/typescript/4.2/package.json': {"private":true,"dependencies":{"types-registry":"^0.1.540"},"devDependencies":{"@types/abbrev":"^1.1.1","@types/accepts":"^1.3.5","@types/ansi-styles":"^3.2.1","@types/anymatch":"^1.3.1","@types/balanced-match":"^1.0.1","@types/body-parser":"^1.19.0","@types/brace-expansion":"^1.1.0","@types/braces":"^3.0.0","@types/bytes":"^3.1.0","@types/cacheable-request":"^6.0.1","@types/color-convert":"^2.0.0","@types/color-name":"^1.1.1","@types/concat-map":"^0.0.0","@types/configstore":"^5.0.0","@types/content-disposition":"^0.5.3","@types/content-type":"^1.1.3","@types/cookie":"^0.4.0","@types/cookie-signature":"^1.0.3","@types/debug":"^4.1.5","@types/deep-extend":"^0.4.31","@types/depd":"^1.1.32","@types/destroy":"^1.0.0","@types/duplexer3":"^0.1.0","@types/ee-first":"^1.1.0","@types/encodeurl":"^1.0.0","@types/end-of-stream":"^1.4.0","@types/escape-html":"^1.0.1","@types/etag":"^1.8.0","@types/express":"^4.17.11","@types/finalhandler":"^1.1.0","@types/forwarded":"^0.1.0","@types/fresh":"^0.5.0","@types/glob-parent":"^5.1.0","@types/got":"^9.6.11","@types/graceful-fs":"^4.1.5","@types/http-cache-semantics":"^4.0.0","@types/http-errors":"^1.8.0","@types/imurmurhash":"^0.1.1","@types/inherits":"^0.0.30","@types/ini":"^1.3.30","@types/is-ci":"^3.0.0","@types/is-glob":"^4.0.1","@types/is-number":"^7.0.1","@types/is-typedarray":"^1.0.0","@types/json-buffer":"^3.0.0","@types/keyv":"^3.1.1","@types/media-typer":"^1.1.0","@types/merge-descriptors":"^1.0.1","@types/methods":"^1.1.1","@types/mime":"^2.0.3","@types/mime-db":"^1.43.0","@types/mime-types":"^2.1.0","@types/minimatch":"^3.0.4","@types/minimist":"^1.2.1","@types/ms":"^0.7.31","@types/negotiator":"^0.6.1","@types/node":"^15.0.3","@types/nodemon":"^1.19.0","@types/nopt":"^3.0.29","@types/normalize-path":"^3.0.0","@types/object-assign":"^4.0.30","@types/on-finished":"^2.3.1","@types/once":"^1.4.0","@types/parseurl":"^1.3.1","@types/picomatch":"^2.2.4","@types/proxy-addr":"^2.0.0","@types/pump":"^1.1.1","@types/qs":"^6.9.6","@types/range-parser":"^1.2.3","@types/rc":"^1.1.0","@types/react":"^17.0.5","@types/react-dom":"^17.0.4","@types/registry-auth-token":"^4.2.0","@types/responselike":"^1.0.0","@types/safer-buffer":"^2.1.0","@types/semver":"^7.3.5","@types/send":"^0.14.7","@types/serve-static":"^1.13.9","@types/signal-exit":"^3.0.0","@types/statuses":"^2.0.0","@types/supports-color":"^8.1.0","@types/touch":"^3.1.1","@types/type-is":"^1.6.3","@types/update-notifier":"^5.0.0","@types/utils-merge":"^0.0.28","@types/vary":"^1.1.0","@types/write-file-atomic":"^3.0.1"}}
[16:18:26.529] Loaded content of '/home/dawes/.cache/typescript/4.2/package-lock.json'
[16:18:26.545] Adding entry into typings cache: 'abbrev' => '/home/dawes/.cache/typescript/4.2/node_modules/@types/abbrev/index.d.ts'
[16:18:26.547] Adding entry into typings cache: 'accepts' => '/home/dawes/.cache/typescript/4.2/node_modules/@types/accepts/index.d.ts'
[16:18:26.550] Adding entry into typings cache: 'ansi-styles' => '/home/dawes/.cache/typescript/4.2/node_modules/ansi-styles/index.d.ts'
[16:18:26.552] Adding entry into typings cache: 'anymatch' => '/home/dawes/.cache/typescript/4.2/node_modules/@types/anymatch/index.d.ts'
[16:18:26.554] Adding entry into typings cache: 'balanced-match' => '/home/dawes/.cache/typescript/4.2/node_modules/@types/balanced-match/index.d.ts'
[16:18:26.557] Adding entry into typings cache: 'body-parser' => '/home/dawes/.cache/typescript/4.2/node_modules/@types/body-parser/index.d.ts'
[16:18:26.558] Adding entry into typings cache: 'brace-expansion' => '/home/dawes/.cache/typescript/4.2/node_modules/@types/brace-expansion/index.d.ts'
[16:18:26.560] Adding entry into typings cache: 'braces' => '/home/dawes/.cache/typescript/4.2/node_modules/@types/braces/index.d.ts'
[16:18:26.562] Adding entry into typings cache: 'bytes' => '/home/dawes/.cache/typescript/4.2/node_modules/@types/bytes/index.d.ts'
[16:18:26.564] Adding entry into typings cache: 'cacheable-request' => '/home/dawes/.cache/typescript/4.2/node_modules/@types/cacheable-request/index.d.ts'
[16:18:26.570] Adding entry into typings cache: 'color-convert' => '/home/dawes/.cache/typescript/4.2/node_modules/@types/color-convert/index.d.ts'
[16:18:26.575] Adding entry into typings cache: 'color-name' => '/home/dawes/.cache/typescript/4.2/node_modules/@types/color-name/index.d.ts'
[16:18:26.577] Adding entry into typings cache: 'concat-map' => '/home/dawes/.cache/typescript/4.2/node_modules/@types/concat-map/index.d.ts'
[16:18:26.579] Adding entry into typings cache: 'configstore' => '/home/dawes/.cache/typescript/4.2/node_modules/@types/configstore/index.d.ts'
[16:18:26.581] Adding entry into typings cache: 'content-disposition' => '/home/dawes/.cache/typescript/4.2/node_modules/@types/content-disposition/index.d.ts'
[16:18:26.583] Adding entry into typings cache: 'content-type' => '/home/dawes/.cache/typescript/4.2/node_modules/@types/content-type/index.d.ts'
[16:18:26.586] Adding entry into typings cache: 'cookie' => '/home/dawes/.cache/typescript/4.2/node_modules/@types/cookie/index.d.ts'
[16:18:26.588] Adding entry into typings cache: 'cookie-signature' => '/home/dawes/.cache/typescript/4.2/node_modules/@types/cookie-signature/index.d.ts'
[16:18:26.591] Adding entry into typings cache: 'debug' => '/home/dawes/.cache/typescript/4.2/node_modules/@types/debug/index.d.ts'
[16:18:26.593] Adding entry into typings cache: 'deep-extend' => '/home/dawes/.cache/typescript/4.2/node_modules/@types/deep-extend/index.d.ts'
[16:18:26.595] Adding entry into typings cache: 'depd' => '/home/dawes/.cache/typescript/4.2/node_modules/@types/depd/index.d.ts'
[16:18:26.597] Adding entry into typings cache: 'destroy' => '/home/dawes/.cache/typescript/4.2/node_modules/@types/destroy/index.d.ts'
[16:18:26.599] Adding entry into typings cache: 'duplexer3' => '/home/dawes/.cache/typescript/4.2/node_modules/@types/duplexer3/index.d.ts'
[16:18:26.601] Adding entry into typings cache: 'ee-first' => '/home/dawes/.cache/typescript/4.2/node_modules/@types/ee-first/index.d.ts'
[16:18:26.606] Adding entry into typings cache: 'encodeurl' => '/home/dawes/.cache/typescript/4.2/node_modules/@types/encodeurl/index.d.ts'
[16:18:26.608] Adding entry into typings cache: 'end-of-stream' => '/home/dawes/.cache/typescript/4.2/node_modules/@types/end-of-stream/index.d.ts'
[16:18:26.610] Adding entry into typings cache: 'escape-html' => '/home/dawes/.cache/typescript/4.2/node_modules/@types/escape-html/index.d.ts'
[16:18:26.612] Adding entry into typings cache: 'etag' => '/home/dawes/.cache/typescript/4.2/node_modules/@types/etag/index.d.ts'
[16:18:26.615] Adding entry into typings cache: 'express' => '/home/dawes/.cache/typescript/4.2/node_modules/@types/express/index.d.ts'
[16:18:26.617] Adding entry into typings cache: 'finalhandler' => '/home/dawes/.cache/typescript/4.2/node_modules/@types/finalhandler/index.d.ts'
[16:18:26.620] Adding entry into typings cache: 'forwarded' => '/home/dawes/.cache/typescript/4.2/node_modules/@types/forwarded/index.d.ts'
[16:18:26.621] Adding entry into typings cache: 'fresh' => '/home/dawes/.cache/typescript/4.2/node_modules/@types/fresh/index.d.ts'
[16:18:26.624] Adding entry into typings cache: 'glob-parent' => '/home/dawes/.cache/typescript/4.2/node_modules/@types/glob-parent/index.d.ts'
[16:18:26.627] Adding entry into typings cache: 'got' => '/home/dawes/.cache/typescript/4.2/node_modules/@types/got/index.d.ts'
[16:18:26.629] Adding entry into typings cache: 'graceful-fs' => '/home/dawes/.cache/typescript/4.2/node_modules/@types/graceful-fs/index.d.ts'
[16:18:26.631] Adding entry into typings cache: 'http-cache-semantics' => '/home/dawes/.cache/typescript/4.2/node_modules/@types/http-cache-semantics/index.d.ts'
[16:18:26.633] Adding entry into typings cache: 'http-errors' => '/home/dawes/.cache/typescript/4.2/node_modules/@types/http-errors/index.d.ts'
[16:18:26.635] Adding entry into typings cache: 'imurmurhash' => '/home/dawes/.cache/typescript/4.2/node_modules/@types/imurmurhash/index.d.ts'
[16:18:26.636] Adding entry into typings cache: 'inherits' => '/home/dawes/.cache/typescript/4.2/node_modules/@types/inherits/index.d.ts'
[16:18:26.638] Adding entry into typings cache: 'ini' => '/home/dawes/.cache/typescript/4.2/node_modules/@types/ini/index.d.ts'
[16:18:26.640] Adding entry into typings cache: 'is-ci' => '/home/dawes/.cache/typescript/4.2/node_modules/@types/is-ci/index.d.ts'
[16:18:26.641] Adding entry into typings cache: 'is-glob' => '/home/dawes/.cache/typescript/4.2/node_modules/@types/is-glob/index.d.ts'
[16:18:26.643] Adding entry into typings cache: 'is-number' => '/home/dawes/.cache/typescript/4.2/node_modules/@types/is-number/index.d.ts'
[16:18:26.645] Adding entry into typings cache: 'is-typedarray' => '/home/dawes/.cache/typescript/4.2/node_modules/@types/is-typedarray/index.d.ts'
[16:18:26.647] Adding entry into typings cache: 'json-buffer' => '/home/dawes/.cache/typescript/4.2/node_modules/@types/json-buffer/index.d.ts'
[16:18:26.648] Adding entry into typings cache: 'keyv' => '/home/dawes/.cache/typescript/4.2/node_modules/@types/keyv/index.d.ts'
[16:18:26.650] Adding entry into typings cache: 'media-typer' => '/home/dawes/.cache/typescript/4.2/node_modules/@types/media-typer/index.d.ts'
[16:18:26.651] Adding entry into typings cache: 'merge-descriptors' => '/home/dawes/.cache/typescript/4.2/node_modules/@types/merge-descriptors/index.d.ts'
[16:18:26.653] Adding entry into typings cache: 'methods' => '/home/dawes/.cache/typescript/4.2/node_modules/@types/methods/index.d.ts'
[16:18:26.655] Adding entry into typings cache: 'mime' => '/home/dawes/.cache/typescript/4.2/node_modules/@types/mime/index.d.ts'
[16:18:26.659] Adding entry into typings cache: 'mime-db' => '/home/dawes/.cache/typescript/4.2/node_modules/@types/mime-db/index.d.ts'
[16:18:26.661] Adding entry into typings cache: 'mime-types' => '/home/dawes/.cache/typescript/4.2/node_modules/@types/mime-types/index.d.ts'
[16:18:26.663] Adding entry into typings cache: 'minimatch' => '/home/dawes/.cache/typescript/4.2/node_modules/@types/minimatch/index.d.ts'
[16:18:26.665] Adding entry into typings cache: 'minimist' => '/home/dawes/.cache/typescript/4.2/node_modules/@types/minimist/index.d.ts'
[16:18:26.667] Adding entry into typings cache: 'ms' => '/home/dawes/.cache/typescript/4.2/node_modules/@types/ms/index.d.ts'
[16:18:26.669] Adding entry into typings cache: 'negotiator' => '/home/dawes/.cache/typescript/4.2/node_modules/@types/negotiator/index.d.ts'
[16:18:26.676] Adding entry into typings cache: 'node' => '/home/dawes/.cache/typescript/4.2/node_modules/@types/node/index.d.ts'
[16:18:26.678] Adding entry into typings cache: 'nodemon' => '/home/dawes/.cache/typescript/4.2/node_modules/@types/nodemon/index.d.ts'
[16:18:26.680] Adding entry into typings cache: 'nopt' => '/home/dawes/.cache/typescript/4.2/node_modules/@types/nopt/index.d.ts'
[16:18:26.681] Adding entry into typings cache: 'normalize-path' => '/home/dawes/.cache/typescript/4.2/node_modules/@types/normalize-path/index.d.ts'
[16:18:26.683] Adding entry into typings cache: 'object-assign' => '/home/dawes/.cache/typescript/4.2/node_modules/@types/object-assign/index.d.ts'
[16:18:26.684] Adding entry into typings cache: 'on-finished' => '/home/dawes/.cache/typescript/4.2/node_modules/@types/on-finished/index.d.ts'
[16:18:26.686] Adding entry into typings cache: 'once' => '/home/dawes/.cache/typescript/4.2/node_modules/@types/once/index.d.ts'
[16:18:26.688] Adding entry into typings cache: 'parseurl' => '/home/dawes/.cache/typescript/4.2/node_modules/@types/parseurl/index.d.ts'
[16:18:26.689] Adding entry into typings cache: 'picomatch' => '/home/dawes/.cache/typescript/4.2/node_modules/@types/picomatch/index.d.ts'
[16:18:26.690] Adding entry into typings cache: 'proxy-addr' => '/home/dawes/.cache/typescript/4.2/node_modules/@types/proxy-addr/index.d.ts'
[16:18:26.691] Adding entry into typings cache: 'pump' => '/home/dawes/.cache/typescript/4.2/node_modules/@types/pump/index.d.ts'
[16:18:26.693] Adding entry into typings cache: 'qs' => '/home/dawes/.cache/typescript/4.2/node_modules/@types/qs/index.d.ts'
[16:18:26.694] Adding entry into typings cache: 'range-parser' => '/home/dawes/.cache/typescript/4.2/node_modules/@types/range-parser/index.d.ts'
[16:18:26.697] Adding entry into typings cache: 'rc' => '/home/dawes/.cache/typescript/4.2/node_modules/@types/rc/index.d.ts'
[16:18:26.701] Adding entry into typings cache: 'react' => '/home/dawes/.cache/typescript/4.2/node_modules/@types/react/index.d.ts'
[16:18:26.705] Adding entry into typings cache: 'react-dom' => '/home/dawes/.cache/typescript/4.2/node_modules/@types/react-dom/index.d.ts'
[16:18:26.707] Adding entry into typings cache: 'registry-auth-token' => '/home/dawes/.cache/typescript/4.2/node_modules/@types/registry-auth-token/index.d.ts'
[16:18:26.709] Adding entry into typings cache: 'responselike' => '/home/dawes/.cache/typescript/4.2/node_modules/@types/responselike/index.d.ts'
[16:18:26.710] Adding entry into typings cache: 'safer-buffer' => '/home/dawes/.cache/typescript/4.2/node_modules/@types/safer-buffer/index.d.ts'
[16:18:26.712] Adding entry into typings cache: 'semver' => '/home/dawes/.cache/typescript/4.2/node_modules/@types/semver/index.d.ts'
[16:18:26.713] Adding entry into typings cache: 'send' => '/home/dawes/.cache/typescript/4.2/node_modules/@types/send/index.d.ts'
[16:18:26.714] Adding entry into typings cache: 'serve-static' => '/home/dawes/.cache/typescript/4.2/node_modules/@types/serve-static/index.d.ts'
[16:18:26.715] Adding entry into typings cache: 'signal-exit' => '/home/dawes/.cache/typescript/4.2/node_modules/@types/signal-exit/index.d.ts'
[16:18:26.716] Adding entry into typings cache: 'statuses' => '/home/dawes/.cache/typescript/4.2/node_modules/@types/statuses/index.d.ts'
[16:18:26.721] Adding entry into typings cache: 'supports-color' => '/home/dawes/.cache/typescript/4.2/node_modules/@types/supports-color/index.d.ts'
[16:18:26.723] Adding entry into typings cache: 'touch' => '/home/dawes/.cache/typescript/4.2/node_modules/@types/touch/index.d.ts'
[16:18:26.724] Adding entry into typings cache: 'type-is' => '/home/dawes/.cache/typescript/4.2/node_modules/@types/type-is/index.d.ts'
[16:18:26.726] Adding entry into typings cache: 'update-notifier' => '/home/dawes/.cache/typescript/4.2/node_modules/@types/update-notifier/index.d.ts'
[16:18:26.727] Adding entry into typings cache: 'utils-merge' => '/home/dawes/.cache/typescript/4.2/node_modules/@types/utils-merge/index.d.ts'
[16:18:26.729] Adding entry into typings cache: 'vary' => '/home/dawes/.cache/typescript/4.2/node_modules/@types/vary/index.d.ts'
[16:18:26.730] Adding entry into typings cache: 'write-file-atomic' => '/home/dawes/.cache/typescript/4.2/node_modules/@types/write-file-atomic/index.d.ts'
[16:18:26.730] Finished processing cache location '/home/dawes/.cache/typescript/4.2'
[16:18:26.731] Process id: 2819
[16:18:26.731] NPM location: /usr/bin/npm (explicit '--npmLocation' not  provided)
[16:18:26.731] validateDefaultNpmLocation: false
[16:18:26.731] Npm config file: /home/dawes/.cache/typescript/4.2/package.json
[16:18:26.731] Updating types-registry npm package...
[16:18:26.731] Exec: /usr/bin/npm install --ignore-scripts types-registry@latest
[16:18:27.826]     Succeeded. stdout:
    
    changed 1 package, and audited 127 packages in 955ms

4 packages are looking for funding
  run `npm fund` for details

found 0 vulnerabilities

[16:18:27.826] Updated types-registry npm package
[16:18:32.191] Got install request {"projectName":"/dev/null/inferredProject1*","fileNames":["/usr/lib/node_modules/typescript/lib/lib.es5.d.ts","/usr/lib/node_modules/typescript/lib/lib.es2015.d.ts","/usr/lib/node_modules/typescript/lib/lib.es2016.d.ts","/usr/lib/node_modules/typescript/lib/lib.dom.d.ts","/usr/lib/node_modules/typescript/lib/lib.dom.iterable.d.ts","/usr/lib/node_modules/typescript/lib/lib.webworker.importscripts.d.ts","/usr/lib/node_modules/typescript/lib/lib.scripthost.d.ts","/usr/lib/node_modules/typescript/lib/lib.es2015.core.d.ts","/usr/lib/node_modules/typescript/lib/lib.es2015.collection.d.ts","/usr/lib/node_modules/typescript/lib/lib.es2015.generator.d.ts","/usr/lib/node_modules/typescript/lib/lib.es2015.iterable.d.ts","/usr/lib/node_modules/typescript/lib/lib.es2015.promise.d.ts","/usr/lib/node_modules/typescript/lib/lib.es2015.proxy.d.ts","/usr/lib/node_modules/typescript/lib/lib.es2015.reflect.d.ts","/usr/lib/node_modules/typescript/lib/lib.es2015.symbol.d.ts","/usr/lib/node_modules/typescript/lib/lib.es2015.symbol.wellknown.d.ts","/usr/lib/node_modules/typescript/lib/lib.es2016.array.include.d.ts","/usr/lib/node_modules/typescript/lib/lib.es2016.full.d.ts","/home/dawes/docs/websites/react/my-app/src/components/MainContent.js","/home/dawes/docs/websites/react/my-app/src/App.js"],"compilerOptions":{"module":1,"target":3,"jsx":1,"allowJs":true,"allowSyntheticDefaultImports":true,"allowNonTsExtensions":true,"noEmitForJsFiles":true,"maxNodeModuleJsDepth":2},"typeAcquisition":{"enable":true,"include":[],"exclude":[]},"unresolvedImports":[],"projectRootPath":"/home/dawes/docs/websites/react/my-app/src","kind":"discover"}
[16:18:32.211] Loaded safelist from types map file '/usr/lib/node_modules/typescript/lib/typesMap.json'
[16:18:32.212] Explicitly included types: []
[16:18:32.213] Inferred typings from unresolved imports: []
[16:18:32.214] Result: {"cachedTypingPaths":[],"newTypingNames":[],"filesToWatch":["/home/dawes/docs/websites/react/my-app/src/components/bower_components","/home/dawes/docs/websites/react/my-app/src/components/node_modules","/home/dawes/docs/websites/react/my-app/src/bower_components","/home/dawes/docs/websites/react/my-app/src/node_modules"]}
[16:18:32.214] Finished typings discovery: {"cachedTypingPaths":[],"newTypingNames":[],"filesToWatch":["/home/dawes/docs/websites/react/my-app/src/components/bower_components","/home/dawes/docs/websites/react/my-app/src/components/node_modules","/home/dawes/docs/websites/react/my-app/src/bower_components","/home/dawes/docs/websites/react/my-app/src/node_modules"]}
[16:18:32.214] DirectoryWatcher:: Added:: WatchInfo: /home/dawes/docs/websites/react/my-app/src/components
[16:18:32.215] DirectoryWatcher:: Added:: WatchInfo: /home/dawes/docs/websites/react/my-app/src/components 1 undefined Project: /dev/null/inferredProject1* watcher already invoked: false
[16:18:32.217] Elapsed:: 2.197002999484539ms DirectoryWatcher:: Added:: WatchInfo: /home/dawes/docs/websites/react/my-app/src/components 1 undefined Project: /dev/null/inferredProject1* watcher already invoked: false
[16:18:32.217] DirectoryWatcher:: Added:: WatchInfo: /home/dawes/docs/websites/react/my-app/src/bower_components
[16:18:32.217] DirectoryWatcher:: Added:: WatchInfo: /home/dawes/docs/websites/react/my-app/src/bower_components 1 undefined Project: /dev/null/inferredProject1* watcher already invoked: false
[16:18:32.218] Elapsed:: 0.9069619998335838ms DirectoryWatcher:: Added:: WatchInfo: /home/dawes/docs/websites/react/my-app/src/bower_components 1 undefined Project: /dev/null/inferredProject1* watcher already invoked: false
[16:18:32.219] DirectoryWatcher:: Added:: WatchInfo: /home/dawes/docs/websites/react/my-app/src/node_modules
[16:18:32.219] DirectoryWatcher:: Added:: WatchInfo: /home/dawes/docs/websites/react/my-app/src/node_modules 1 undefined Project: /dev/null/inferredProject1* watcher already invoked: false
[16:18:32.219] Elapsed:: 0.13046300038695335ms DirectoryWatcher:: Added:: WatchInfo: /home/dawes/docs/websites/react/my-app/src/node_modules 1 undefined Project: /dev/null/inferredProject1* watcher already invoked: false
[16:18:32.219] Sending response:
    {"projectName":"/dev/null/inferredProject1*","typeAcquisition":{"enable":true,"include":[],"exclude":[]},"compilerOptions":{"module":1,"target":3,"jsx":1,"allowJs":true,"allowSyntheticDefaultImports":true,"allowNonTsExtensions":true,"noEmitForJsFiles":true,"maxNodeModuleJsDepth":2},"typings":[],"unresolvedImports":[],"kind":"action::set"}
[16:18:32.219] Response has been sent.
[16:18:32.219] No new typings were requested as a result of typings discovery
