[07:55:02.194] Global cache location '/home/dawes/.cache/typescript/4.2', safe file path '/usr/lib/node_modules/typescript/lib/typingSafeList.json', types map path /usr/lib/node_modules/typescript/lib/typesMap.json
[07:55:02.195] Processing cache location '/home/dawes/.cache/typescript/4.2'
[07:55:02.195] Trying to find '/home/dawes/.cache/typescript/4.2/package.json'...
[07:55:02.196] Loaded content of '/home/dawes/.cache/typescript/4.2/package.json': {"private":true,"dependencies":{"types-registry":"^0.1.540"}}
[07:55:02.197] Loaded content of '/home/dawes/.cache/typescript/4.2/package-lock.json'
[07:55:02.197] Finished processing cache location '/home/dawes/.cache/typescript/4.2'
[07:55:02.197] Process id: 3171
[07:55:02.197] NPM location: /usr/bin/npm (explicit '--npmLocation' not  provided)
[07:55:02.197] validateDefaultNpmLocation: false
[07:55:02.197] Npm config file: /home/dawes/.cache/typescript/4.2/package.json
[07:55:02.197] Updating types-registry npm package...
[07:55:02.198] Exec: /usr/bin/npm install --ignore-scripts types-registry@latest
[07:55:02.983]     Succeeded. stdout:
    
    up to date, audited 2 packages in 651ms

found 0 vulnerabilities

[07:55:02.984] Updated types-registry npm package
[07:55:07.249] Got install request {"projectName":"/dev/null/inferredProject1*","fileNames":["/usr/lib/node_modules/typescript/lib/lib.es5.d.ts","/usr/lib/node_modules/typescript/lib/lib.es2015.d.ts","/usr/lib/node_modules/typescript/lib/lib.es2016.d.ts","/usr/lib/node_modules/typescript/lib/lib.dom.d.ts","/usr/lib/node_modules/typescript/lib/lib.dom.iterable.d.ts","/usr/lib/node_modules/typescript/lib/lib.webworker.importscripts.d.ts","/usr/lib/node_modules/typescript/lib/lib.scripthost.d.ts","/usr/lib/node_modules/typescript/lib/lib.es2015.core.d.ts","/usr/lib/node_modules/typescript/lib/lib.es2015.collection.d.ts","/usr/lib/node_modules/typescript/lib/lib.es2015.generator.d.ts","/usr/lib/node_modules/typescript/lib/lib.es2015.iterable.d.ts","/usr/lib/node_modules/typescript/lib/lib.es2015.promise.d.ts","/usr/lib/node_modules/typescript/lib/lib.es2015.proxy.d.ts","/usr/lib/node_modules/typescript/lib/lib.es2015.reflect.d.ts","/usr/lib/node_modules/typescript/lib/lib.es2015.symbol.d.ts","/usr/lib/node_modules/typescript/lib/lib.es2015.symbol.wellknown.d.ts","/usr/lib/node_modules/typescript/lib/lib.es2016.array.include.d.ts","/usr/lib/node_modules/typescript/lib/lib.es2016.full.d.ts","/home/dawes/docs/websites/react/my-app/src/components/MainContent.js","/home/dawes/docs/websites/react/my-app/src/App.js"],"compilerOptions":{"module":1,"target":3,"jsx":1,"allowJs":true,"allowSyntheticDefaultImports":true,"allowNonTsExtensions":true,"noEmitForJsFiles":true,"maxNodeModuleJsDepth":2},"typeAcquisition":{"enable":true,"include":[],"exclude":[]},"unresolvedImports":["object-assign","react"],"projectRootPath":"/home/dawes/docs/websites/react/my-app/src","kind":"discover"}
[07:55:07.276] Loaded safelist from types map file '/usr/lib/node_modules/typescript/lib/typesMap.json'
[07:55:07.277] Explicitly included types: []
[07:55:07.279] Inferred typings from unresolved imports: ["object-assign","react"]
[07:55:07.279] Result: {"cachedTypingPaths":[],"newTypingNames":["object-assign","react"],"filesToWatch":["/home/dawes/docs/websites/react/my-app/src/components/bower_components","/home/dawes/docs/websites/react/my-app/src/components/node_modules","/home/dawes/docs/websites/react/my-app/src/bower_components","/home/dawes/docs/websites/react/my-app/src/node_modules"]}
[07:55:07.279] Finished typings discovery: {"cachedTypingPaths":[],"newTypingNames":["object-assign","react"],"filesToWatch":["/home/dawes/docs/websites/react/my-app/src/components/bower_components","/home/dawes/docs/websites/react/my-app/src/components/node_modules","/home/dawes/docs/websites/react/my-app/src/bower_components","/home/dawes/docs/websites/react/my-app/src/node_modules"]}
[07:55:07.279] DirectoryWatcher:: Added:: WatchInfo: /home/dawes/docs/websites/react/my-app/src/components
[07:55:07.280] DirectoryWatcher:: Added:: WatchInfo: /home/dawes/docs/websites/react/my-app/src/components 1 undefined Project: /dev/null/inferredProject1* watcher already invoked: false
[07:55:07.282] Elapsed:: 1.6505570001900196ms DirectoryWatcher:: Added:: WatchInfo: /home/dawes/docs/websites/react/my-app/src/components 1 undefined Project: /dev/null/inferredProject1* watcher already invoked: false
[07:55:07.282] DirectoryWatcher:: Added:: WatchInfo: /home/dawes/docs/websites/react/my-app/src/bower_components
[07:55:07.282] DirectoryWatcher:: Added:: WatchInfo: /home/dawes/docs/websites/react/my-app/src/bower_components 1 undefined Project: /dev/null/inferredProject1* watcher already invoked: false
[07:55:07.283] Elapsed:: 0.6779789999127388ms DirectoryWatcher:: Added:: WatchInfo: /home/dawes/docs/websites/react/my-app/src/bower_components 1 undefined Project: /dev/null/inferredProject1* watcher already invoked: false
[07:55:07.283] DirectoryWatcher:: Added:: WatchInfo: /home/dawes/docs/websites/react/my-app/src/node_modules
[07:55:07.283] DirectoryWatcher:: Added:: WatchInfo: /home/dawes/docs/websites/react/my-app/src/node_modules 1 undefined Project: /dev/null/inferredProject1* watcher already invoked: false
[07:55:07.283] Elapsed:: 0.11147100012749434ms DirectoryWatcher:: Added:: WatchInfo: /home/dawes/docs/websites/react/my-app/src/node_modules 1 undefined Project: /dev/null/inferredProject1* watcher already invoked: false
[07:55:07.283] Installing typings ["object-assign","react"]
[07:55:07.283] Npm config file: /home/dawes/.cache/typescript/4.2/package.json
[07:55:07.284] Sending response:
    {"kind":"event::beginInstallTypes","eventId":1,"typingsInstallerVersion":"4.2.4","projectName":"/dev/null/inferredProject1*"}
[07:55:07.284] Response has been sent.
[07:55:07.284] #1 with arguments'["@types/object-assign@ts4.2","@types/react@ts4.2"]'.
[07:55:07.284] Exec: /usr/bin/npm install --ignore-scripts @types/object-assign@ts4.2 @types/react@ts4.2 --save-dev --user-agent="typesInstaller/4.2.4"
[07:55:08.221]     Succeeded. stdout:
    
    added 5 packages, and audited 7 packages in 793ms

found 0 vulnerabilities

[07:55:08.221] npm install #1 took: 937 ms
[07:55:08.222] Installed typings ["@types/object-assign@ts4.2","@types/react@ts4.2"]
[07:55:08.244] Installed typing files ["/home/dawes/.cache/typescript/4.2/node_modules/@types/object-assign/index.d.ts","/home/dawes/.cache/typescript/4.2/node_modules/@types/react/index.d.ts"]
[07:55:08.244] Sending response:
    {"projectName":"/dev/null/inferredProject1*","typeAcquisition":{"enable":true,"include":[],"exclude":[]},"compilerOptions":{"module":1,"target":3,"jsx":1,"allowJs":true,"allowSyntheticDefaultImports":true,"allowNonTsExtensions":true,"noEmitForJsFiles":true,"maxNodeModuleJsDepth":2},"typings":["/home/dawes/.cache/typescript/4.2/node_modules/@types/object-assign/index.d.ts","/home/dawes/.cache/typescript/4.2/node_modules/@types/react/index.d.ts"],"unresolvedImports":["object-assign","react"],"kind":"action::set"}
[07:55:08.245] Response has been sent.
[07:55:08.245] Sending response:
    {"kind":"event::endInstallTypes","eventId":1,"projectName":"/dev/null/inferredProject1*","packagesToInstall":["@types/object-assign@ts4.2","@types/react@ts4.2"],"installSuccess":true,"typingsInstallerVersion":"4.2.4"}
[07:55:08.245] Response has been sent.
[07:55:08.896] Got install request {"projectName":"/dev/null/inferredProject1*","fileNames":["/usr/lib/node_modules/typescript/lib/lib.es5.d.ts","/usr/lib/node_modules/typescript/lib/lib.es2015.d.ts","/usr/lib/node_modules/typescript/lib/lib.es2016.d.ts","/usr/lib/node_modules/typescript/lib/lib.dom.d.ts","/usr/lib/node_modules/typescript/lib/lib.dom.iterable.d.ts","/usr/lib/node_modules/typescript/lib/lib.webworker.importscripts.d.ts","/usr/lib/node_modules/typescript/lib/lib.scripthost.d.ts","/usr/lib/node_modules/typescript/lib/lib.es2015.core.d.ts","/usr/lib/node_modules/typescript/lib/lib.es2015.collection.d.ts","/usr/lib/node_modules/typescript/lib/lib.es2015.generator.d.ts","/usr/lib/node_modules/typescript/lib/lib.es2015.iterable.d.ts","/usr/lib/node_modules/typescript/lib/lib.es2015.promise.d.ts","/usr/lib/node_modules/typescript/lib/lib.es2015.proxy.d.ts","/usr/lib/node_modules/typescript/lib/lib.es2015.reflect.d.ts","/usr/lib/node_modules/typescript/lib/lib.es2015.symbol.d.ts","/usr/lib/node_modules/typescript/lib/lib.es2015.symbol.wellknown.d.ts","/usr/lib/node_modules/typescript/lib/lib.es2016.array.include.d.ts","/usr/lib/node_modules/typescript/lib/lib.es2016.full.d.ts","/home/dawes/.cache/typescript/4.2/node_modules/@types/react/global.d.ts","/home/dawes/.cache/typescript/4.2/node_modules/@types/react/index.d.ts","/home/dawes/docs/websites/react/my-app/src/components/MainContent.js","/home/dawes/docs/websites/react/my-app/src/App.js","/home/dawes/.cache/typescript/4.2/node_modules/@types/object-assign/index.d.ts"],"compilerOptions":{"module":1,"target":3,"jsx":1,"allowJs":true,"allowSyntheticDefaultImports":true,"allowNonTsExtensions":true,"noEmitForJsFiles":true,"maxNodeModuleJsDepth":2},"typeAcquisition":{"enable":true,"include":[],"exclude":[]},"unresolvedImports":[],"projectRootPath":"/home/dawes/docs/websites/react/my-app/src","kind":"discover"}
[07:55:08.896] Explicitly included types: []
[07:55:08.896] Inferred typings from unresolved imports: []
[07:55:08.897] Result: {"cachedTypingPaths":[],"newTypingNames":[],"filesToWatch":["/home/dawes/docs/websites/react/my-app/src/components/bower_components","/home/dawes/docs/websites/react/my-app/src/components/node_modules","/home/dawes/docs/websites/react/my-app/src/bower_components","/home/dawes/docs/websites/react/my-app/src/node_modules"]}
[07:55:08.897] Finished typings discovery: {"cachedTypingPaths":[],"newTypingNames":[],"filesToWatch":["/home/dawes/docs/websites/react/my-app/src/components/bower_components","/home/dawes/docs/websites/react/my-app/src/components/node_modules","/home/dawes/docs/websites/react/my-app/src/bower_components","/home/dawes/docs/websites/react/my-app/src/node_modules"]}
[07:55:08.897] Sending response:
    {"projectName":"/dev/null/inferredProject1*","typeAcquisition":{"enable":true,"include":[],"exclude":[]},"compilerOptions":{"module":1,"target":3,"jsx":1,"allowJs":true,"allowSyntheticDefaultImports":true,"allowNonTsExtensions":true,"noEmitForJsFiles":true,"maxNodeModuleJsDepth":2},"typings":[],"unresolvedImports":[],"kind":"action::set"}
[07:55:08.897] Response has been sent.
[07:55:08.897] No new typings were requested as a result of typings discovery
[07:55:09.306] Got install request {"projectName":"/dev/null/inferredProject1*","fileNames":["/usr/lib/node_modules/typescript/lib/lib.es5.d.ts","/usr/lib/node_modules/typescript/lib/lib.es2015.d.ts","/usr/lib/node_modules/typescript/lib/lib.es2016.d.ts","/usr/lib/node_modules/typescript/lib/lib.dom.d.ts","/usr/lib/node_modules/typescript/lib/lib.dom.iterable.d.ts","/usr/lib/node_modules/typescript/lib/lib.webworker.importscripts.d.ts","/usr/lib/node_modules/typescript/lib/lib.scripthost.d.ts","/usr/lib/node_modules/typescript/lib/lib.es2015.core.d.ts","/usr/lib/node_modules/typescript/lib/lib.es2015.collection.d.ts","/usr/lib/node_modules/typescript/lib/lib.es2015.generator.d.ts","/usr/lib/node_modules/typescript/lib/lib.es2015.iterable.d.ts","/usr/lib/node_modules/typescript/lib/lib.es2015.promise.d.ts","/usr/lib/node_modules/typescript/lib/lib.es2015.proxy.d.ts","/usr/lib/node_modules/typescript/lib/lib.es2015.reflect.d.ts","/usr/lib/node_modules/typescript/lib/lib.es2015.symbol.d.ts","/usr/lib/node_modules/typescript/lib/lib.es2015.symbol.wellknown.d.ts","/usr/lib/node_modules/typescript/lib/lib.es2016.array.include.d.ts","/usr/lib/node_modules/typescript/lib/lib.es2016.full.d.ts","/home/dawes/docs/websites/react/my-app/src/components/MainContent.js","/home/dawes/docs/websites/react/my-app/src/App.js"],"compilerOptions":{"module":1,"target":3,"jsx":1,"allowJs":true,"allowSyntheticDefaultImports":true,"allowNonTsExtensions":true,"noEmitForJsFiles":true,"maxNodeModuleJsDepth":2},"typeAcquisition":{"enable":true,"include":[],"exclude":[]},"unresolvedImports":[],"projectRootPath":"/home/dawes/docs/websites/react/my-app/src","kind":"discover"}
[07:55:09.306] Explicitly included types: []
[07:55:09.307] Inferred typings from unresolved imports: []
[07:55:09.307] Result: {"cachedTypingPaths":[],"newTypingNames":[],"filesToWatch":["/home/dawes/docs/websites/react/my-app/src/components/bower_components","/home/dawes/docs/websites/react/my-app/src/components/node_modules","/home/dawes/docs/websites/react/my-app/src/bower_components","/home/dawes/docs/websites/react/my-app/src/node_modules"]}
[07:55:09.307] Finished typings discovery: {"cachedTypingPaths":[],"newTypingNames":[],"filesToWatch":["/home/dawes/docs/websites/react/my-app/src/components/bower_components","/home/dawes/docs/websites/react/my-app/src/components/node_modules","/home/dawes/docs/websites/react/my-app/src/bower_components","/home/dawes/docs/websites/react/my-app/src/node_modules"]}
[07:55:09.308] Sending response:
    {"projectName":"/dev/null/inferredProject1*","typeAcquisition":{"enable":true,"include":[],"exclude":[]},"compilerOptions":{"module":1,"target":3,"jsx":1,"allowJs":true,"allowSyntheticDefaultImports":true,"allowNonTsExtensions":true,"noEmitForJsFiles":true,"maxNodeModuleJsDepth":2},"typings":[],"unresolvedImports":[],"kind":"action::set"}
[07:55:09.308] Response has been sent.
[07:55:09.308] No new typings were requested as a result of typings discovery
